
> saree-ecommerce-frontend@1.0.0 dev
> vite --port 3000


  VITE v5.4.21  ready in 131 ms

  ➜  Local:   http://localhost:3000/
  ➜  Network: use --host to expose
5:25:40 AM [vite] Pre-transform error: [postcss] /home/user/app/frontend/src/index.css:43:5: @apply should not be used with the 'group' utility
5:25:40 AM [vite] Pre-transform error: Failed to resolve import "./pages/admin/Dashboard" from "src/App.jsx". Does the file exist?
5:25:42 AM [vite] Internal server error: Failed to resolve import "./pages/admin/Dashboard" from "src/App.jsx". Does the file exist?
  Plugin: vite:import-analysis
  File: /home/user/app/frontend/src/App.jsx:22:41
  44 |  const Wishlist = lazy(_c19 = () => import("./pages/Wishlist"));
  45 |  _c20 = Wishlist;
  46 |  const AdminDashboard = lazy(_c21 = () => import("./pages/admin/Dashboard"));
     |                                                  ^
  47 |  _c22 = AdminDashboard;
  48 |  const AdminProducts = lazy(_c23 = () => import("./pages/admin/Products"));
      at TransformPluginContext._formatError (file:///home/user/app/frontend/node_modules/vite/dist/node/chunks/dep-BK3b2jBa.js:49258:41)
      at TransformPluginContext.error (file:///home/user/app/frontend/node_modules/vite/dist/node/chunks/dep-BK3b2jBa.js:49253:16)
      at normalizeUrl (file:///home/user/app/frontend/node_modules/vite/dist/node/chunks/dep-BK3b2jBa.js:64307:23)
      at process.processTicksAndRejections (node:internal/process/task_queues:105:5)
      at async file:///home/user/app/frontend/node_modules/vite/dist/node/chunks/dep-BK3b2jBa.js:64439:39
      at async Promise.all (index 20)
      at async TransformPluginContext.transform (file:///home/user/app/frontend/node_modules/vite/dist/node/chunks/dep-BK3b2jBa.js:64366:7)
      at async PluginContainer.transform (file:///home/user/app/frontend/node_modules/vite/dist/node/chunks/dep-BK3b2jBa.js:49099:18)
      at async loadAndTransform (file:///home/user/app/frontend/node_modules/vite/dist/node/chunks/dep-BK3b2jBa.js:51978:27)
      at async viteTransformMiddleware (file:///home/user/app/frontend/node_modules/vite/dist/node/chunks/dep-BK3b2jBa.js:62106:24)
5:25:42 AM [vite] Internal server error: [postcss] /home/user/app/frontend/src/index.css:43:5: @apply should not be used with the 'group' utility
  Plugin: vite:css
  File: /home/user/app/frontend/src/index.css:43:4
  41 |    }
  42 |    .product-card {
  43 |      @apply card cursor-pointer group;
     |      ^
  44 |    }
  45 |    .product-card:hover img {
      at Input.error (/home/user/app/frontend/node_modules/postcss/lib/input.js:135:16)
      at AtRule.error (/home/user/app/frontend/node_modules/postcss/lib/node.js:146:32)
      at processApply (/home/user/app/frontend/node_modules/tailwindcss/lib/lib/expandApplyAtRules.js:377:29)
      at /home/user/app/frontend/node_modules/tailwindcss/lib/lib/expandApplyAtRules.js:551:9
      at /home/user/app/frontend/node_modules/tailwindcss/lib/processTailwindFeatures.js:55:50
      at async plugins (/home/user/app/frontend/node_modules/tailwindcss/lib/plugin.js:38:17)
      at async LazyResult.runAsync (/home/user/app/frontend/node_modules/postcss/lib/lazy-result.js:293:11)
      at async compileCSS (file:///home/user/app/frontend/node_modules/vite/dist/node/chunks/dep-BK3b2jBa.js:36898:21)
      at async TransformPluginContext.transform (file:///home/user/app/frontend/node_modules/vite/dist/node/chunks/dep-BK3b2jBa.js:36171:11)
      at async PluginContainer.transform (file:///home/user/app/frontend/node_modules/vite/dist/node/chunks/dep-BK3b2jBa.js:49099:18)
      at async loadAndTransform (file:///home/user/app/frontend/node_modules/vite/dist/node/chunks/dep-BK3b2jBa.js:51978:27)
      at async viteTransformMiddleware (file:///home/user/app/frontend/node_modules/vite/dist/node/chunks/dep-BK3b2jBa.js:62106:24)
<<<<<<< Updated upstream
5:26:38 AM [vite] page reload src/pages/admin/Dashboard.jsx
5:26:39 AM [vite] Pre-transform error: Failed to resolve import "./pages/admin/ProductForm" from "src/App.jsx". Does the file exist?
5:26:39 AM [vite] Pre-transform error: [postcss] /home/user/app/frontend/src/index.css:43:5: @apply should not be used with the 'group' utility
5:26:42 AM [vite] Internal server error: Failed to resolve import "./pages/admin/ProductForm" from "src/App.jsx". Does the file exist?
  Plugin: vite:import-analysis
  File: /home/user/app/frontend/src/App.jsx:24:43
  48 |  const AdminProducts = lazy(_c23 = () => import("./pages/admin/Products"));
  49 |  _c24 = AdminProducts;
  50 |  const AdminProductForm = lazy(_c25 = () => import("./pages/admin/ProductForm"));
     |                                                    ^
  51 |  _c26 = AdminProductForm;
  52 |  const AdminOrders = lazy(_c27 = () => import("./pages/admin/Orders"));
      at TransformPluginContext._formatError (file:///home/user/app/frontend/node_modules/vite/dist/node/chunks/dep-BK3b2jBa.js:49258:41)
      at TransformPluginContext.error (file:///home/user/app/frontend/node_modules/vite/dist/node/chunks/dep-BK3b2jBa.js:49253:16)
      at normalizeUrl (file:///home/user/app/frontend/node_modules/vite/dist/node/chunks/dep-BK3b2jBa.js:64307:23)
      at process.processTicksAndRejections (node:internal/process/task_queues:105:5)
      at async file:///home/user/app/frontend/node_modules/vite/dist/node/chunks/dep-BK3b2jBa.js:64439:39
      at async Promise.all (index 22)
      at async TransformPluginContext.transform (file:///home/user/app/frontend/node_modules/vite/dist/node/chunks/dep-BK3b2jBa.js:64366:7)
      at async PluginContainer.transform (file:///home/user/app/frontend/node_modules/vite/dist/node/chunks/dep-BK3b2jBa.js:49099:18)
      at async loadAndTransform (file:///home/user/app/frontend/node_modules/vite/dist/node/chunks/dep-BK3b2jBa.js:51978:27)
      at async viteTransformMiddleware (file:///home/user/app/frontend/node_modules/vite/dist/node/chunks/dep-BK3b2jBa.js:62106:24)
5:26:42 AM [vite] Internal server error: [postcss] /home/user/app/frontend/src/index.css:43:5: @apply should not be used with the 'group' utility
  Plugin: vite:css
  File: /home/user/app/frontend/src/index.css:43:4
  41 |    }
  42 |    .product-card {
  43 |      @apply card cursor-pointer group;
     |      ^
  44 |    }
  45 |    .product-card:hover img {
      at Input.error (/home/user/app/frontend/node_modules/postcss/lib/input.js:135:16)
      at AtRule.error (/home/user/app/frontend/node_modules/postcss/lib/node.js:146:32)
      at processApply (/home/user/app/frontend/node_modules/tailwindcss/lib/lib/expandApplyAtRules.js:377:29)
      at /home/user/app/frontend/node_modules/tailwindcss/lib/lib/expandApplyAtRules.js:551:9
      at /home/user/app/frontend/node_modules/tailwindcss/lib/processTailwindFeatures.js:55:50
      at async plugins (/home/user/app/frontend/node_modules/tailwindcss/lib/plugin.js:38:17)
      at async LazyResult.runAsync (/home/user/app/frontend/node_modules/postcss/lib/lazy-result.js:293:11)
      at async compileCSS (file:///home/user/app/frontend/node_modules/vite/dist/node/chunks/dep-BK3b2jBa.js:36898:21)
      at async TransformPluginContext.transform (file:///home/user/app/frontend/node_modules/vite/dist/node/chunks/dep-BK3b2jBa.js:36171:11)
      at async PluginContainer.transform (file:///home/user/app/frontend/node_modules/vite/dist/node/chunks/dep-BK3b2jBa.js:49099:18)
      at async loadAndTransform (file:///home/user/app/frontend/node_modules/vite/dist/node/chunks/dep-BK3b2jBa.js:51978:27)
      at async viteTransformMiddleware (file:///home/user/app/frontend/node_modules/vite/dist/node/chunks/dep-BK3b2jBa.js:62106:24)
5:27:08 AM [vite] page reload src/pages/admin/ProductForm.jsx
5:28:36 AM [vite] hmr update /src/index.css
5:42:10 AM [vite] http proxy error: /api/banners?position=hero
Error: connect ECONNREFUSED 127.0.0.1:5000
    at TCPConnectWrap.afterConnect [as oncomplete] (node:net:1637:16)
5:42:10 AM [vite] http proxy error: /api/banners?position=hero
Error: connect ECONNREFUSED 127.0.0.1:5000
    at TCPConnectWrap.afterConnect [as oncomplete] (node:net:1637:16)
5:42:10 AM [vite] http proxy error: /api/products/featured
Error: connect ECONNREFUSED 127.0.0.1:5000
    at TCPConnectWrap.afterConnect [as oncomplete] (node:net:1637:16)
5:42:10 AM [vite] http proxy error: /api/products/featured
Error: connect ECONNREFUSED 127.0.0.1:5000
    at TCPConnectWrap.afterConnect [as oncomplete] (node:net:1637:16)
5:42:10 AM [vite] http proxy error: /api/categories
Error: connect ECONNREFUSED 127.0.0.1:5000
    at TCPConnectWrap.afterConnect [as oncomplete] (node:net:1637:16)
5:42:10 AM [vite] http proxy error: /api/categories
=======
5:56:16 AM [vite] page reload src/pages/admin/Dashboard.jsx
6:15:41 AM [vite] http proxy error: /api/categories
Error: connect ECONNREFUSED 127.0.0.1:5000
    at TCPConnectWrap.afterConnect [as oncomplete] (node:net:1637:16)
6:15:41 AM [vite] http proxy error: /api/categories
Error: connect ECONNREFUSED 127.0.0.1:5000
    at TCPConnectWrap.afterConnect [as oncomplete] (node:net:1637:16)
6:15:41 AM [vite] http proxy error: /api/banners?position=hero
Error: connect ECONNREFUSED 127.0.0.1:5000
    at TCPConnectWrap.afterConnect [as oncomplete] (node:net:1637:16)
6:15:41 AM [vite] http proxy error: /api/products/featured
Error: connect ECONNREFUSED 127.0.0.1:5000
    at TCPConnectWrap.afterConnect [as oncomplete] (node:net:1637:16)
6:15:41 AM [vite] http proxy error: /api/banners?position=hero
Error: connect ECONNREFUSED 127.0.0.1:5000
    at TCPConnectWrap.afterConnect [as oncomplete] (node:net:1637:16)
6:15:42 AM [vite] http proxy error: /api/products/featured
>>>>>>> Stashed changes
Error: connect ECONNREFUSED 127.0.0.1:5000
    at TCPConnectWrap.afterConnect [as oncomplete] (node:net:1637:16)
